2023-11-12  6:22:01 0 [Note] Starting MariaDB 10.4.28-MariaDB source revision c8f2e9a5c0ac5905f28b050b7df5a9ffd914b7e7 as process 12120
2023-11-12  6:22:01 0 [Note] InnoDB: Mutexes and rw_locks use Windows interlocked functions
2023-11-12  6:22:01 0 [Note] InnoDB: Uses event mutexes
2023-11-12  6:22:01 0 [Note] InnoDB: Compressed tables use zlib 1.2.12
2023-11-12  6:22:01 0 [Note] InnoDB: Number of pools: 1
2023-11-12  6:22:01 0 [Note] InnoDB: Using SSE2 crc32 instructions
2023-11-12  6:22:01 0 [Note] InnoDB: Initializing buffer pool, total size = 16M, instances = 1, chunk size = 16M
2023-11-12  6:22:01 0 [Note] InnoDB: Completed initialization of buffer pool
2023-11-12  6:22:01 0 [Note] InnoDB: Starting crash recovery from checkpoint LSN=300288
2023-11-12  6:22:01 0 [Note] InnoDB: 128 out of 128 rollback segments are active.
2023-11-12  6:22:01 0 [Note] InnoDB: Removed temporary tablespace data file: "ibtmp1"
2023-11-12  6:22:01 0 [Note] InnoDB: Creating shared tablespace for temporary tables
2023-11-12  6:22:01 0 [Note] InnoDB: Setting file 'C:\xampp\mysql\data\ibtmp1' size to 12 MB. Physically writing the file full; Please wait ...
2023-11-12  6:22:01 0 [Note] InnoDB: File 'C:\xampp\mysql\data\ibtmp1' size is now 12 MB.
2023-11-12  6:22:01 0 [Note] InnoDB: Waiting for purge to start
2023-11-12  6:22:01 0 [Note] InnoDB: 10.4.28 started; log sequence number 300297; transaction id 170
2023-11-12  6:22:01 0 [Note] InnoDB: Loading buffer pool(s) from C:\xampp\mysql\data\ib_buffer_pool
2023-11-12  6:22:01 0 [Note] Plugin 'FEEDBACK' is disabled.
2023-11-12  6:22:01 0 [Note] Server socket created on IP: '::'.
2023-11-13  1:30:12 0 [Note] Starting MariaDB 10.4.28-MariaDB source revision c8f2e9a5c0ac5905f28b050b7df5a9ffd914b7e7 as process 9564
2023-11-13  1:30:12 0 [Note] InnoDB: Mutexes and rw_locks use Windows interlocked functions
2023-11-13  1:30:12 0 [Note] InnoDB: Uses event mutexes
2023-11-13  1:30:12 0 [Note] InnoDB: Compressed tables use zlib 1.2.12
2023-11-13  1:30:12 0 [Note] InnoDB: Number of pools: 1
2023-11-13  1:30:12 0 [Note] InnoDB: Using SSE2 crc32 instructions
2023-11-13  1:30:12 0 [Note] InnoDB: Initializing buffer pool, total size = 16M, instances = 1, chunk size = 16M
2023-11-13  1:30:12 0 [Note] InnoDB: Completed initialization of buffer pool
2023-11-13  1:30:12 0 [Note] InnoDB: Starting crash recovery from checkpoint LSN=300638
2023-11-13  1:30:12 0 [Note] InnoDB: 128 out of 128 rollback segments are active.
2023-11-13  1:30:12 0 [Note] InnoDB: Removed temporary tablespace data file: "ibtmp1"
2023-11-13  1:30:12 0 [Note] InnoDB: Creating shared tablespace for temporary tables
2023-11-13  1:30:12 0 [Note] InnoDB: Setting file 'C:\xampp\mysql\data\ibtmp1' size to 12 MB. Physically writing the file full; Please wait ...
2023-11-13  1:30:12 0 [Note] InnoDB: File 'C:\xampp\mysql\data\ibtmp1' size is now 12 MB.
2023-11-13  1:30:12 0 [Note] InnoDB: Waiting for purge to start
2023-11-13  1:30:12 0 [Note] InnoDB: 10.4.28 started; log sequence number 300647; transaction id 193
2023-11-13  1:30:12 0 [Note] Plugin 'FEEDBACK' is disabled.
2023-11-13  1:30:12 0 [Note] InnoDB: Loading buffer pool(s) from C:\xampp\mysql\data\ib_buffer_pool
2023-11-13  1:30:12 0 [Note] Server socket created on IP: '::'.
2023-11-13  1:30:12 0 [Note] InnoDB: Buffer pool(s) load completed at 231113  1:30:12
2023-11-15 19:59:31 0 [Note] Starting MariaDB 10.4.28-MariaDB source revision c8f2e9a5c0ac5905f28b050b7df5a9ffd914b7e7 as process 4848
2023-11-15 19:59:31 0 [Note] InnoDB: Mutexes and rw_locks use Windows interlocked functions
2023-11-15 19:59:31 0 [Note] InnoDB: Uses event mutexes
2023-11-15 19:59:31 0 [Note] InnoDB: Compressed tables use zlib 1.2.12
2023-11-15 19:59:31 0 [Note] InnoDB: Number of pools: 1
2023-11-15 19:59:31 0 [Note] InnoDB: Using SSE2 crc32 instructions
2023-11-15 19:59:31 0 [Note] InnoDB: Initializing buffer pool, total size = 16M, instances = 1, chunk size = 16M
2023-11-15 19:59:31 0 [Note] InnoDB: Completed initialization of buffer pool
2023-11-15 19:59:31 0 [Note] InnoDB: Starting crash recovery from checkpoint LSN=804769
2023-11-15 19:59:31 0 [Note] InnoDB: 128 out of 128 rollback segments are active.
2023-11-15 19:59:31 0 [Note] InnoDB: Removed temporary tablespace data file: "ibtmp1"
2023-11-15 19:59:31 0 [Note] InnoDB: Creating shared tablespace for temporary tables
2023-11-15 19:59:31 0 [Note] InnoDB: Setting file 'C:\xampp\mysql\data\ibtmp1' size to 12 MB. Physically writing the file full; Please wait ...
2023-11-15 19:59:31 0 [Note] InnoDB: File 'C:\xampp\mysql\data\ibtmp1' size is now 12 MB.
2023-11-15 19:59:31 0 [Note] InnoDB: Waiting for purge to start
2023-11-15 19:59:31 0 [Note] InnoDB: 10.4.28 started; log sequence number 804778; transaction id 1013
2023-11-15 19:59:31 0 [Note] Plugin 'FEEDBACK' is disabled.
2023-11-15 19:59:31 0 [Note] InnoDB: Loading buffer pool(s) from C:\xampp\mysql\data\ib_buffer_pool
2023-11-15 19:59:31 0 [Note] Server socket created on IP: '::'.
2023-11-15 19:59:31 0 [Note] InnoDB: Buffer pool(2023-11-15 20:05:50 0 [Note] Starting MariaDB 10.4.28-MariaDB source revision c8f2e9a5c0ac5905f28b050b7df5a9ffd914b7e7 as process 19756
2023-11-15 20:05:50 0 [Note] InnoDB: Mutexes and rw_locks use Windows interlocked functions
2023-11-15 20:05:50 0 [Note] InnoDB: Uses event mutexes
2023-11-15 20:05:50 0 [Note] InnoDB: Compressed tables use zlib 1.2.12
2023-11-15 20:05:50 0 [Note] InnoDB: Number of pools: 1
2023-11-15 20:05:50 0 [Note] InnoDB: Using SSE2 crc32 instructions
2023-11-15 20:05:50 0 [Note] InnoDB: Initializing buffer pool, total size = 16M, instances = 1, chunk size = 16M
2023-11-15 20:05:50 0 [Note] InnoDB: Completed initialization of buffer pool
2023-11-15 20:05:50 0 [Note] InnoDB: Starting crash recovery from checkpoint LSN=804787
2023-11-15 20:05:50 0 [Note] InnoDB: 128 out of 128 rollback segments are active.
2023-11-15 20:05:50 0 [Note] InnoDB: Removed temporary tablespace data file: "ibtmp1"
2023-11-15 20:05:50 0 [Note] InnoDB: Creating shared tablespace for temporary tables
2023-11-15 20:05:50 0 [Note] InnoDB: Setting file 'C:\xampp\mysql\data\ibtmp1' size to 12 MB. Physically writing the file full; Please wait ...
2023-11-15 20:05:50 0 [Note] InnoDB: File 'C:\xampp\mysql\data\ibtmp1' size is now 12 MB.
2023-11-15 20:05:50 0 [Note] InnoDB: Waiting for purge to start
2023-11-15 20:05:50 0 [Note] InnoDB: 10.4.28 started; log sequence number 804796; transaction id 1013
2023-11-15 20:05:50 0 [Note] InnoDB: Loading buffer pool(s) from C:\xampp\mysql\data\ib_buffer_pool
2023-11-15 20:05:50 0 [Note] Plugin 'FEEDBACK' is disabled.
2023-11-15 20:05:50 0 [Note] Server socket created on IP: '::'.
2023-11-15 20:36:28 0 [Note] Starting MariaDB 10.4.28-MariaDB source revision c8f2e9a5c0ac5905f28b050b7df5a9ffd914b7e7 as process 24184
2023-11-15 20:36:28 0 [Note] InnoDB: Mutexes and rw_locks use Windows interlocked functions
2023-11-15 20:36:28 0 [Note] InnoDB: Uses event mutexes
2023-11-15 20:36:28 0 [Note] InnoDB: Compressed tables use zlib 1.2.12
2023-11-15 20:36:28 0 [Note] InnoDB: Number of pools: 1
2023-11-15 20:36:28 0 [Note] InnoDB: Using SSE2 crc32 instructions
2023-11-15 20:36:28 0 [Note] InnoDB: Initializing buffer pool, total size = 16M, instances = 1, chunk size = 16M
2023-11-15 20:36:28 0 [Note] InnoDB: Completed initialization of buffer pool
2023-11-15 20:36:28 0 [Note] InnoDB: Starting crash recovery from checkpoint LSN=804805
2023-11-15 20:36:29 0 [Note] InnoDB: 128 out of 128 rollback segments are active.
2023-11-15 20:36:29 0 [Note] InnoDB: Removed temporary tablespace data file: "ibtmp1"
2023-11-15 20:36:29 0 [Note] InnoDB: Creating shared tablespace for temporary tables
2023-11-15 20:36:29 0 [Note] InnoDB: Setting file 'C:\xampp\mysql\data\ibtmp1' size to 12 MB. Physically writing the file full; Please wait ...
2023-11-15 20:36:29 0 [Note] InnoDB: File 'C:\xampp\mysql\data\ibtmp1' size is now 12 MB.
2023-11-15 20:36:29 0 [Note] InnoDB: Waiting for purge to start
2023-11-15 20:36:29 0 [Note] InnoDB: 10.4.28 started; log sequence number 804814; transaction id 1013
2023-11-15 20:36:29 0 [Note] InnoDB: Loading buffer pool(s) from C:\xampp\mysql\data\ib_buffer_pool
2023-11-15 20:36:29 0 [Note] Plugin 'FEEDBACK' is disabled.
2023-11-15 20:36:29 0 [Note] Server socket created on IP: '::'.
2023-11-16 13:16:37 0 [Note] Starting MariaDB 10.4.28-MariaDB source revision c8f2e9a5c0ac5905f28b050b7df5a9ffd914b7e7 as process 808
2023-11-16 13:16:37 0 [Note] InnoDB: Mutexes and rw_locks use Windows interlocked functions
2023-11-16 13:16:37 0 [Note] InnoDB: Uses event mutexes
2023-11-16 13:16:37 0 [Note] InnoDB: Compressed tables use zlib 1.2.12
2023-11-16 13:16:37 0 [Note] InnoDB: Number of pools: 1
2023-11-16 13:16:37 0 [Note] InnoDB: Using SSE2 crc32 instructions
2023-11-16 13:16:37 0 [Note] InnoDB: Initializing buffer pool, total size = 16M, instances = 1, chunk size = 16M
2023-11-16 13:16:37 0 [Note] InnoDB: Completed initialization of buffer pool
2023-11-16 13:16:37 0 [Note] InnoDB: Starting crash recovery from checkpoint LSN=912839
2023-11-16 13:16:37 0 [Note] InnoDB: 128 out of 128 rollback segments are active.
2023-11-16 13:16:37 0 [Note] InnoDB: Removed temporary tablespace data file: "ibtmp1"
2023-11-16 13:16:37 0 [Note] InnoDB: Creating shared tablespace for temporary tables
2023-11-16 13:16:37 0 [Note] InnoDB: Setting file 'C:\xampp\mysql\data\ibtmp1' size to 12 MB. Physically writing the file full; Please wait ...
2023-11-16 13:16:37 0 [Note] InnoDB: File 'C:\xampp\mysql\data\ibtmp1' size is now 12 MB.
2023-11-16 13:16:37 0 [Note] InnoDB: Waiting for purge to start
2023-11-16 13:16:37 0 [Note] InnoDB: 10.4.28 started; log sequence number 912848; transaction id 1248
2023-11-16 13:16:37 0 [Note] Plugin 'FEEDBACK' is disabled.
2023-11-16 13:16:37 0 [Note] InnoDB: Loading buffer pool(s) from C:\xampp\mysql\data\ib_buffer_pool
2023-11-16 13:16:37 0 [Note] Server socket created on IP: '::'.
2023-11-20  7:18:21 0 [Note] Starting MariaDB 10.4.28-MariaDB source revision c8f2e9a5c0ac5905f28b050b7df5a9ffd914b7e7 as process 10188
2023-11-20  7:18:21 0 [Note] InnoDB: Mutexes and rw_locks use Windows interlocked functions
2023-11-20  7:18:21 0 [Note] InnoDB: Uses event mutexes
2023-11-20  7:18:21 0 [Note] InnoDB: Compressed tables use zlib 1.2.12
2023-11-20  7:18:21 0 [Note] InnoDB: Number of pools: 1
2023-11-20  7:18:21 0 [Note] InnoDB: Using SSE2 crc32 instructions
2023-11-20  7:18:21 0 [Note] InnoDB: Initializing buffer pool, total size = 16M, instances = 1, chunk size = 16M
2023-11-20  7:18:21 0 [Note] InnoDB: Completed initialization of buffer pool
2023-11-20  7:18:21 0 [Note] InnoDB: Starting crash recovery from checkpoint LSN=912857
2023-11-20  7:18:21 0 [Note] InnoDB: 128 out of 128 rollback segments are active.
2023-11-20  7:18:21 0 [Note] InnoDB: Removed temporary tablespace data file: "ibtmp1"
2023-11-20  7:18:21 0 [Note] InnoDB: Creating shared tablespace for temporary tables
2023-11-20  7:18:21 0 [Note] InnoDB: Setting file 'C:\xampp\mysql\data\ibtmp1' size to 12 MB. Physically writing the file full; Please wait ...
2023-11-20  7:18:21 0 [Note] InnoDB: File 'C:\xampp\mysql\data\ibtmp1' size is now 12 MB.
2023-11-20  7:18:21 0 [Note] InnoDB: Waiting for purge to start
2023-11-20  7:18:21 0 [Note] InnoDB: 10.4.28 started; log sequence number 912866; transaction id 1248
2023-11-20  7:18:21 0 [Note] InnoDB: Loading buffer pool(s) from C:\xampp\mysql\data\ib_buffer_pool
2023-11-20  7:18:21 0 [Note] Plugin 'FEEDBACK' is disabled.
2023-11-20  7:18:21 0 [Note] Server socket created on IP: '::'.
2023-11-20  7:18:28 0 [Note] Starting MariaDB 10.4.28-MariaDB source revision c8f2e9a5c0ac5905f28b050b7df5a9ffd914b7e7 as process 19740
2023-11-20  7:18:28 0 [Note] InnoDB: Mutexes and rw_locks use Windows interlocked functions
2023-11-20  7:18:28 0 [Note] InnoDB: Uses event mutexes
2023-11-20  7:18:28 0 [Note] InnoDB: Compressed tables use zlib 1.2.12
2023-11-20  7:18:28 0 [Note] InnoDB: Number of pools: 1
2023-11-20  7:18:28 0 [Note] InnoDB: Using SSE2 crc32 instructions
2023-11-20  7:18:28 0 [Note] InnoDB: Initializing buffer pool, total size = 16M, instances = 1, chunk size = 16M
2023-11-20  7:18:28 0 [Note] InnoDB: Completed initialization of buffer pool
2023-11-20  7:18:28 0 [Note] InnoDB: Starting crash recovery from checkpoint LSN=912857
2023-11-20  7:18:28 0 [Note] InnoDB: 128 out of 128 rollback segments are active.
2023-11-20  7:18:28 0 [Note] InnoDB: Removed temporary tablespace data file: "ibtmp1"
2023-11-20  7:18:28 0 [Note] InnoDB: Creating shared tablespace for temporary tables
2023-11-20  7:18:28 0 [Note] InnoDB: Setting file 'C:\xampp\mysql\data\ibtmp1' size to 12 MB. Physically writing the file full; Please wait ...
2023-11-20  7:18:28 0 [Note] InnoDB: File 'C:\xampp\mysql\data\ibtmp1' size is now 12 MB.
2023-11-20  7:18:28 0 [Note] InnoDB: Waiting for purge to start
2023-11-20  7:18:28 0 [Note] InnoDB: 10.4.28 started; log sequence number 912866; transaction id 1248
2023-11-20  7:18:28 0 [Note] InnoDB: Loading buffer pool(s) from C:\xampp\mysql\data\ib_buffer_pool
2023-11-20  7:18:28 0 [Note] Plugin 'FEEDBACK' is disabled.
2023-11-20  7:18:28 0 [Note] Server socket created on IP: '::'.
2023-11-20  7:23:22 0 [Note] Starting MariaDB 10.4.28-MariaDB source revision c8f2e9a5c0ac5905f28b050b7df5a9ffd914b7e7 as process 26432
2023-11-20  7:23:22 0 [Note] InnoDB: Mutexes and rw_locks use Windows interlocked functions
2023-11-20  7:23:22 0 [Note] InnoDB: Uses event mutexes
2023-11-20  7:23:22 0 [Note] InnoDB: Compressed tables use zlib 1.2.12
2023-11-20  7:23:22 0 [Note] InnoDB: Number of pools: 1
2023-11-20  7:23:22 0 [Note] InnoDB: Using SSE2 crc32 instructions
2023-11-20  7:23:22 0 [Note] InnoDB: Initializing buffer pool, total size = 16M, instances = 1, chunk size = 16M
2023-11-20  7:23:22 0 [Note] InnoDB: Completed initialization of buffer pool
2023-11-20  7:23:22 0 [Note] InnoDB: Starting crash recovery from checkpoint LSN=912875
2023-11-20  7:23:22 0 [Note] InnoDB: 128 out of 128 rollback segments are active.
2023-11-20  7:23:22 0 [Note] InnoDB: Removed temporary tablespace data file: "ibtmp1"
2023-11-20  7:23:22 0 [Note] InnoDB: Creating shared tablespace for temporary tables
2023-11-20  7:23:22 0 [Note] InnoDB: Setting file 'C:\xampp\mysql\data\ibtmp1' size to 12 MB. Physically writing the file full; Please wait ...
2023-11-20  7:23:22 0 [Note] InnoDB: File 'C:\xampp\mysql\data\ibtmp1' size is now 12 MB.
2023-11-20  7:23:22 0 [Note] InnoDB: Waiting for purge to start
2023-11-20  7:23:22 0 [Note] InnoDB: 10.4.28 started; log sequence number 912884; transaction id 1248
2023-11-20  7:23:22 0 [Note] InnoDB: Loading buffer pool(s) from C:\xampp\mysql\data\ib_buffer_pool
2023-11-20  7:23:22 0 [Note] Plugin 'FEEDBACK' is disabled.
2023-11-20  7:23:22 0 [Note] Server socket created on IP: '::'.
2023-11-21  7:48:38 0 [Note] Starting MariaDB 10.4.28-MariaDB source revision c8f2e9a5c0ac5905f28b050b7df5a9ffd914b7e7 as process 19568
2023-11-21  7:48:38 0 [Note] InnoDB: Mutexes and rw_locks use Windows interlocked functions
2023-11-21  7:48:38 0 [Note] InnoDB: Uses event mutexes
2023-11-21  7:48:38 0 [Note] InnoDB: Compressed tables use zlib 1.2.12
2023-11-21  7:48:38 0 [Note] InnoDB: Number of pools: 1
2023-11-21  7:48:38 0 [Note] InnoDB: Using SSE2 crc32 instructions
2023-11-21  7:48:38 0 [Note] InnoDB: Initializing buffer pool, total size = 16M, instances = 1, chunk size = 16M
2023-11-21  7:48:38 0 [Note] InnoDB: Completed initialization of buffer pool
2023-11-21  7:48:38 0 [Note] InnoDB: Starting crash recovery from checkpoint LSN=912909
2023-11-21  7:48:39 0 [Note] InnoDB: 128 out of 128 rollback segments are active.
2023-11-21  7:48:39 0 [Note] InnoDB: Removed temporary tablespace data file: "ibtmp1"
2023-11-21  7:48:39 0 [Note] InnoDB: Creating shared tablespace for temporary tables
2023-11-21  7:48:39 0 [Note] InnoDB: Setting file 'C:\xampp\mysql\data\ibtmp1' size to 12 MB. Physically writing the file full; Please wait ...
2023-11-21  7:48:39 0 [Note] InnoDB: File 'C:\xampp\mysql\data\ibtmp1' size is now 12 MB.
2023-11-21  7:48:39 0 [Note] InnoDB: Waiting for purge to start
2023-11-21  7:48:39 0 [Note] InnoDB: 10.4.28 started; log sequence number 912918; transaction id 1248
2023-11-21  7:48:39 0 [Note] InnoDB: Loading buffer pool(s) from C:\xampp\mysql\data\ib_buffer_pool
2023-11-21  7:48:39 0 [Note] Plugin 'FEEDBACK' is disabled.
2023-11-21  7:48:39 0 [Note] Server socket created on IP: '::'.
2023-11-21  7:48:39 0 [Note] InnoDB: Buffer pool(s) 2023-12-08 14:13:51 0 [Note] Starting MariaDB 10.4.28-MariaDB source revision c8f2e9a5c0ac5905f28b050b7df5a9ffd914b7e7 as process 23044
2023-12-08 14:13:51 0 [Note] InnoDB: Mutexes and rw_locks use Windows interlocked functions
2023-12-08 14:13:51 0 [Note] InnoDB: Uses event mutexes
2023-12-08 14:13:51 0 [Note] InnoDB: Compressed tables use zlib 1.2.12
2023-12-08 14:13:51 0 [Note] InnoDB: Number of pools: 1
2023-12-08 14:13:51 0 [Note] InnoDB: Using SSE2 crc32 instructions
2023-12-08 14:13:51 0 [Note] InnoDB: Initializing buffer pool, total size = 16M, instances = 1, chunk size = 16M
2023-12-08 14:13:51 0 [Note] InnoDB: Completed initialization of buffer pool
2023-12-08 14:13:51 0 [Note] InnoDB: Starting crash recovery from checkpoint LSN=912927
2023-12-08 14:13:51 0 [Note] InnoDB: 128 out of 128 rollback segments are active.
2023-12-08 14:13:51 0 [Note] InnoDB: Removed temporary tablespace data file: "ibtmp1"
2023-12-08 14:13:51 0 [Note] InnoDB: Creating shared tablespace for temporary tables
2023-12-08 14:13:51 0 [Note] InnoDB: Setting file 'C:\xampp\mysql\data\ibtmp1' size to 12 MB. Physically writing the file full; Please wait ...
2023-12-08 14:13:51 0 [Note] InnoDB: File 'C:\xampp\mysql\data\ibtmp1' size is now 12 MB.
2023-12-08 14:13:51 0 [Note] InnoDB: Waiting for purge to start
2023-12-08 14:13:51 0 [Note] InnoDB: 10.4.28 started; log sequence number 912936; transaction id 1248
2023-12-08 14:13:51 0 [Note] Plugin 'FEEDBACK' is disabled.
2023-12-08 14:13:51 0 [Note] InnoDB: Loading buffer pool(s) from C:\xampp\mysql\data\ib_buffer_pool
2023-12-08 14:13:51 0 [Note] Server socket created on IP: '::'.
2023-12-11  7:15:16 0 [Note] Starting MariaDB 10.4.28-MariaDB source revision c8f2e9a5c0ac5905f28b050b7df5a9ffd914b7e7 as process 23356
2023-12-11  7:15:16 0 [Note] InnoDB: Mutexes and rw_locks use Windows interlocked functions
2023-12-11  7:15:16 0 [Note] InnoDB: Uses event mutexes
2023-12-11  7:15:16 0 [Note] InnoDB: Compressed tables use zlib 1.2.12
2023-12-11  7:15:16 0 [Note] InnoDB: Number of pools: 1
2023-12-11  7:15:16 0 [Note] InnoDB: Using SSE2 crc32 instructions
2023-12-11  7:15:16 0 [Note] InnoDB: Initializing buffer pool, total size = 16M, instances = 1, chunk size = 16M
2023-12-11  7:15:16 0 [Note] InnoDB: Completed initialization of buffer pool
2023-12-11  7:15:17 0 [Note] InnoDB: Starting crash recovery from checkpoint LSN=912945
2023-12-11  7:15:17 0 [Note] InnoDB: 128 out of 128 rollback segments are active.
2023-12-11  7:15:17 0 [Note] InnoDB: Removed temporary tablespace data file: "ibtmp1"
2023-12-11  7:15:17 0 [Note] InnoDB: Creating shared tablespace for temporary tables
2023-12-11  7:15:17 0 [Note] InnoDB: Setting file 'C:\xampp\mysql\data\ibtmp1' size to 12 MB. Physically writing the file full; Please wait ...
2023-12-11  7:15:17 0 [Note] InnoDB: File 'C:\xampp\mysql\data\ibtmp1' size is now 12 MB.
2023-12-11  7:15:17 0 [Note] InnoDB: Waiting for purge to start
2023-12-11  7:15:17 0 [Note] InnoDB: 10.4.28 started; log sequence number 912954; transaction id 1248
2023-12-11  7:15:17 0 [Note] InnoDB: Loading buffer pool(s) from C:\xampp\mysql\data\ib_buffer_pool
2023-12-11  7:15:17 0 [Note] Plugin 'FEEDBACK' is disabled.
2023-12-11  7:15:17 0 [Note] InnoDB: Buffer pool(s) load completed at 231211  7:15:17
2023-12-11  7:15:17 0 [Note] Server socket created on IP: '::'.
2023-12-11  9:56:05 0 [Note] Starting MariaDB 10.4.28-MariaDB source revision c8f2e9a5c0ac5905f28b050b7df5a9ffd914b7e7 as process 24944
2023-12-11  9:56:05 0 [Note] InnoDB: Mutexes and rw_locks use Windows interlocked functions
2023-12-11  9:56:05 0 [Note] InnoDB: Uses event mutexes
2023-12-11  9:56:05 0 [Note] InnoDB: Compressed tables use zlib 1.2.12
2023-12-11  9:56:05 0 [Note] InnoDB: Number of pools: 1
2023-12-11  9:56:05 0 [Note] InnoDB: Using SSE2 crc32 instructions
2023-12-11  9:56:05 0 [Note] InnoDB: Initializing buffer pool, total size = 16M, instances = 1, chunk size = 16M
2023-12-11  9:56:05 0 [Note] InnoDB: Completed initialization of buffer pool
2023-12-11  9:56:05 0 [Note] InnoDB: Starting crash recovery from checkpoint LSN=912963
2023-12-11  9:56:05 0 [Note] InnoDB: 128 out of 128 rollback segments are active.
2023-12-11  9:56:05 0 [Note] InnoDB: Removed temporary tablespace data file: "ibtmp1"
2023-12-11  9:56:05 0 [Note] InnoDB: Creating shared tablespace for temporary tables
2023-12-11  9:56:05 0 [Note] InnoDB: Setting file 'C:\xampp\mysql\data\ibtmp1' size to 12 MB. Physically writing the file full; Please wait ...
2023-12-11  9:56:05 0 [Note] InnoDB: File 'C:\xampp\mysql\data\ibtmp1' size is now 12 MB.
2023-12-11  9:56:05 0 [Note] InnoDB: Waiting for purge to start
2023-12-11  9:56:05 0 [Note] InnoDB: 10.4.28 started; log sequence number 912972; transaction id 1248
2023-12-11  9:56:05 0 [Note] InnoDB: Loading buffer pool(s) from C:\xampp\mysql\data\ib_buffer_pool
2023-12-11  9:56:05 0 [Note] Plugin 'FEEDBACK' is disabled.
2023-12-11  9:56:05 0 [Note] Server socket created on IP: '::'.
2023-12-13 19:35:11 0 [Note] Starting MariaDB 10.4.28-MariaDB source revision c8f2e9a5c0ac5905f28b050b7df5a9ffd914b7e7 as process 13924
2023-12-13 19:35:11 0 [Note] InnoDB: Mutexes and rw_locks use Windows interlocked functions
2023-12-13 19:35:11 0 [Note] InnoDB: Uses event mutexes
2023-12-13 19:35:11 0 [Note] InnoDB: Compressed tables use zlib 1.2.12
2023-12-13 19:35:11 0 [Note] InnoDB: Number of pools: 1
2023-12-13 19:35:11 0 [Note] InnoDB: Using SSE2 crc32 instructions
2023-12-13 19:35:11 0 [Note] InnoDB: Initializing buffer pool, total size = 16M, instances = 1, chunk size = 16M
2023-12-13 19:35:11 0 [Note] InnoDB: Completed initialization of buffer pool
2023-12-13 19:35:11 0 [Note] InnoDB: Starting crash recovery from checkpoint LSN=950373
2023-12-13 19:35:11 0 [Note] InnoDB: 128 out of 128 rollback segments are active.
2023-12-13 19:35:11 0 [Note] InnoDB: Removed temporary tablespace data file: "ibtmp1"
2023-12-13 19:35:11 0 [Note] InnoDB: Creating shared tablespace for temporary tables
2023-12-13 19:35:11 0 [Note] InnoDB: Setting file 'C:\xampp\mysql\data\ibtmp1' size to 12 MB. Physically writing the file full; Please wait ...
2023-12-13 19:35:11 0 [Note] InnoDB: File 'C:\xampp\mysql\data\ibtmp1' size is now 12 MB.
2023-12-13 19:35:11 0 [Note] InnoDB: Waiting for purge to start
2023-12-13 19:35:11 0 [Note] InnoDB: 10.4.28 started; log sequence number 950382; transaction id 1330
2023-12-13 19:35:11 0 [Note] InnoDB: Loading buffer pool(s) from C:\xampp\mysql\data\ib_buffer_pool
2023-12-13 19:35:11 0 [Note] Plugin 'FEEDBACK' is disabled.
2023-12-13 19:35:11 0 [Note] Server socket created on IP: '::'.
2023-12-16  0:04:21 0 [Note] Starting MariaDB 10.4.28-MariaDB source revision c8f2e9a5c0ac5905f28b050b7df5a9ffd914b7e7 as process 18196
2023-12-16  0:04:21 0 [Note] InnoDB: Mutexes and rw_locks use Windows interlocked functions
2023-12-16  0:04:21 0 [Note] InnoDB: Uses event mutexes
2023-12-16  0:04:21 0 [Note] InnoDB: Compressed tables use zlib 1.2.12
2023-12-16  0:04:21 0 [Note] InnoDB: Number of pools: 1
2023-12-16  0:04:21 0 [Note] InnoDB: Using SSE2 crc32 instructions
2023-12-16  0:04:21 0 [Note] InnoDB: Initializing buffer pool, total size = 16M, instances = 1, chunk size = 16M
2023-12-16  0:04:21 0 [Note] InnoDB: Completed initialization of buffer pool
2023-12-16  0:04:21 0 [Note] InnoDB: Starting crash recovery from checkpoint LSN=950391
2023-12-16  0:04:21 0 [Note] InnoDB: 128 out of 128 rollback segments are active.
2023-12-16  0:04:21 0 [Note] InnoDB: Removed temporary tablespace data file: "ibtmp1"
2023-12-16  0:04:21 0 [Note] InnoDB: Creating shared tablespace for temporary tables
2023-12-16  0:04:21 0 [Note] InnoDB: Setting file 'C:\xampp\mysql\data\ibtmp1' size to 12 MB. Physically writing the file full; Please wait ...
2023-12-16  0:04:21 0 [Note] InnoDB: File 'C:\xampp\mysql\data\ibtmp1' size is now 12 MB.
2023-12-16  0:04:21 0 [Note] InnoDB: Waiting for purge to start
2023-12-16  0:04:21 0 [Note] InnoDB: 10.4.28 started; log sequence number 950400; transaction id 1330
2023-12-16  0:04:21 0 [Note] InnoDB: Loading buffer pool(s) from C:\xampp\mysql\data\ib_buffer_pool
2023-12-16  0:04:21 0 [Note] Plugin 'FEEDBACK' is disabled.
2023-12-16  0:04:21 0 [Note] Server socket created on IP: '::'.
2023-12-16  0:39:42 0 [Note] Starting MariaDB 10.4.28-MariaDB source revision c8f2e9a5c0ac5905f28b050b7df5a9ffd914b7e7 as process 14868
2023-12-16  0:39:42 0 [Note] InnoDB: Mutexes and rw_locks use Windows interlocked functions
2023-12-16  0:39:42 0 [Note] InnoDB: Uses event mutexes
2023-12-16  0:39:42 0 [Note] InnoDB: Compressed tables use zlib 1.2.12
2023-12-16  0:39:42 0 [Note] InnoDB: Number of pools: 1
2023-12-16  0:39:42 0 [Note] InnoDB: Using SSE2 crc32 instructions
2023-12-16  0:39:42 0 [Note] InnoDB: Initializing buffer pool, total size = 16M, instances = 1, chunk size = 16M
2023-12-16  0:39:42 0 [Note] InnoDB: Completed initialization of buffer pool
2023-12-16  0:39:42 0 [Note] InnoDB: Starting crash recovery from checkpoint LSN=950391
2023-12-16  0:39:43 0 [Note] InnoDB: 128 out of 128 rollback segments are active.
2023-12-16  0:39:43 0 [Note] InnoDB: Removed temporary tablespace data file: "ibtmp1"
2023-12-16  0:39:43 0 [Note] InnoDB: Creating shared tablespace for temporary tables
2023-12-16  0:39:43 0 [Note] InnoDB: Setting file 'C:\xampp\mysql\data\ibtmp1' size to 12 MB. Physically writing the file full; Please wait ...
2023-12-16  0:39:43 0 [Note] InnoDB: File 'C:\xampp\mysql\data\ibtmp1' size is now 12 MB.
2023-12-16  0:39:43 0 [Note] InnoDB: Waiting for purge to start
2023-12-16  0:39:43 0 [Note] InnoDB: 10.4.28 started; log sequence number 950400; transaction id 1330
2023-12-16  0:39:43 0 [Note] InnoDB: Loading buffer pool(s) from C:\xampp\mysql\data\ib_buffer_pool
2023-12-16  0:39:43 0 [Note] Plugin 'FEEDBACK' is disabled.
2023-12-16  0:39:43 0 [Note] Server socket created on IP: '::'.
2023-12-17 21:52:41 0 [Note] Starting MariaDB 10.4.28-MariaDB source revision c8f2e9a5c0ac5905f28b050b7df5a9ffd914b7e7 as process 14744
2023-12-17 21:52:41 0 [Note] InnoDB: Mutexes and rw_locks use Windows interlocked functions
2023-12-17 21:52:41 0 [Note] InnoDB: Uses event mutexes
2023-12-17 21:52:41 0 [Note] InnoDB: Compressed tables use zlib 1.2.12
2023-12-17 21:52:41 0 [Note] InnoDB: Number of pools: 1
2023-12-17 21:52:41 0 [Note] InnoDB: Using SSE2 crc32 instructions
2023-12-17 21:52:41 0 [Note] InnoDB: Initializing buffer pool, total size = 16M, instances = 1, chunk size = 16M
2023-12-17 21:52:41 0 [Note] InnoDB: Completed initialization of buffer pool
2023-12-17 21:52:41 0 [Note] InnoDB: Starting crash recovery from checkpoint LSN=950409
2023-12-17 21:52:41 0 [Note] InnoDB: 128 out of 128 rollback segments are active.
2023-12-17 21:52:41 0 [Note] InnoDB: Removed temporary tablespace data file: "ibtmp1"
2023-12-17 21:52:41 0 [Note] InnoDB: Creating shared tablespace for temporary tables
2023-12-17 21:52:41 0 [Note] InnoDB: Setting file 'C:\xampp\mysql\data\ibtmp1' size to 12 MB. Physically writing the file full; Please wait ...
2023-12-17 21:52:41 0 [Note] InnoDB: File 'C:\xampp\mysql\data\ibtmp1' size is now 12 MB.
2023-12-17 21:52:41 0 [Note] InnoDB: Waiting for purge to start
2023-12-17 21:52:41 0 [Note] InnoDB: 10.4.28 started; log sequence number 950418; transaction id 1330
2023-12-17 21:52:41 0 [Note] InnoDB: Loading buffer pool(s) from C:\xampp\mysql\data\ib_buffer_pool
2023-12-17 21:52:41 0 [Note] Plugin 'FEEDBACK' is disabled.
2023-12-17 21:52:41 0 [Note] InnoDB: Buffer pool(s) load completed at 231217 21:52:41
2023-12-17 21:52:41 0 [Note] Server socket created on IP: '::'.
2023-12-20  0:08:04 0 [Note] Starting MariaDB 10.4.28-MariaDB source revision c8f2e9a5c0ac5905f28b050b7df5a9ffd914b7e7 as process 21716
2023-12-20  0:08:04 0 [Note] InnoDB: Mutexes and rw_locks use Windows interlocked functions
2023-12-20  0:08:04 0 [Note] InnoDB: Uses event mutexes
2023-12-20  0:08:04 0 [Note] InnoDB: Compressed tables use zlib 1.2.12
2023-12-20  0:08:04 0 [Note] InnoDB: Number of pools: 1
2023-12-20  0:08:04 0 [Note] InnoDB: Using SSE2 crc32 instructions
2023-12-20  0:08:04 0 [Note] InnoDB: Initializing buffer pool, total size = 16M, instances = 1, chunk size = 16M
2023-12-20  0:08:04 0 [Note] InnoDB: Completed initialization of buffer pool
2023-12-20  0:08:04 0 [Note] InnoDB: Starting crash recovery from checkpoint LSN=950427
2023-12-20  0:08:04 0 [Note] InnoDB: 128 out of 128 rollback segments are active.
2023-12-20  0:08:04 0 [Note] InnoDB: Removed temporary tablespace data file: "ibtmp1"
2023-12-20  0:08:04 0 [Note] InnoDB: Creating shared tablespace for temporary tables
2023-12-20  0:08:04 0 [Note] InnoDB: Setting file 'C:\xampp\mysql\data\ibtmp1' size to 12 MB. Physically writing the file full; Please wait ...
2023-12-20  0:08:04 0 [Note] InnoDB: File 'C:\xampp\mysql\data\ibtmp1' size is now 12 MB.
2023-12-20  0:08:04 0 [Note] InnoDB: Waiting for purge to start
2023-12-20  0:08:04 0 [Note] InnoDB: 10.4.28 started; log sequence number 950436; transaction id 1330
2023-12-20  0:08:04 0 [Note] InnoDB: Loading buffer pool(s) from C:\xampp\mysql\data\ib_buffer_pool
2023-12-20  0:08:04 0 [Note] Plugin 'FEEDBACK' is disabled.
2023-12-20  0:08:04 0 [Note] Server socket created on IP: '::'.
2023-12-20 21:55:13 0 [Note] Starting MariaDB 10.4.28-MariaDB source revision c8f2e9a5c0ac5905f28b050b7df5a9ffd914b7e7 as process 28152
2023-12-20 21:55:14 0 [Note] InnoDB: Mutexes and rw_locks use Windows interlocked functions
2023-12-20 21:55:14 0 [Note] InnoDB: Uses event mutexes
2023-12-20 21:55:14 0 [Note] InnoDB: Compressed tables use zlib 1.2.12
2023-12-20 21:55:14 0 [Note] InnoDB: Number of pools: 1
2023-12-20 21:55:14 0 [Note] InnoDB: Using SSE2 crc32 instructions
2023-12-20 21:55:14 0 [Note] InnoDB: Initializing buffer pool, total size = 16M, instances = 1, chunk size = 16M
2023-12-20 21:55:14 0 [Note] InnoDB: Completed initialization of buffer pool
2023-12-20 21:55:14 0 [Note] InnoDB: Starting crash recovery from checkpoint LSN=950445
2023-12-20 21:55:14 0 [Note] InnoDB: 128 out of 128 rollback segments are active.
2023-12-20 21:55:14 0 [Note] InnoDB: Removed temporary tablespace data file: "ibtmp1"
2023-12-20 21:55:14 0 [Note] InnoDB: Creating shared tablespace for temporary tables
2023-12-20 21:55:14 0 [Note] InnoDB: Setting file 'C:\xampp\mysql\data\ibtmp1' size to 12 MB. Physically writing the file full; Please wait ...
2023-12-20 21:55:14 0 [Note] InnoDB: File 'C:\xampp\mysql\data\ibtmp1' size is now 12 MB.
2023-12-20 21:55:14 0 [Note] InnoDB: Waiting for purge to start
2023-12-20 21:55:14 0 [Note] InnoDB: 10.4.28 started; log sequence number 950454; transaction id 1330
2023-12-20 21:55:14 0 [Note] InnoDB: Loading buffer pool(s) from C:\xampp\mysql\data\ib_buffer_pool
2023-12-20 21:55:14 0 [Note] Plugin 'FEEDBACK' is disabled.
2023-12-20 21:55:14 0 [Note] Server socket created on IP: '::'.
2023-12-22 14:12:59 0 [Note] Starting MariaDB 10.4.28-MariaDB source revision c8f2e9a5c0ac5905f28b050b7df5a9ffd914b7e7 as process 14640
2023-12-22 14:12:59 0 [Note] InnoDB: Mutexes and rw_locks use Windows interlocked functions
2023-12-22 14:12:59 0 [Note] InnoDB: Uses event mutexes
2023-12-22 14:12:59 0 [Note] InnoDB: Compressed tables use zlib 1.2.12
2023-12-22 14:12:59 0 [Note] InnoDB: Number of pools: 1
2023-12-22 14:12:59 0 [Note] InnoDB: Using SSE2 crc32 instructions
2023-12-22 14:12:59 0 [Note] InnoDB: Initializing buffer pool, total size = 16M, instances = 1, chunk size = 16M
2023-12-22 14:12:59 0 [Note] InnoDB: Completed initialization of buffer pool
2023-12-22 14:12:59 0 [Note] InnoDB: Starting crash recovery from checkpoint LSN=950463
2023-12-22 14:12:59 0 [Note] InnoDB: 128 out of 128 rollback segments are active.
2023-12-22 14:12:59 0 [Note] InnoDB: Removed temporary tablespace data file: "ibtmp1"
2023-12-22 14:12:59 0 [Note] InnoDB: Creating shared tablespace for temporary tables
2023-12-22 14:12:59 0 [Note] InnoDB: Setting file 'C:\xampp\mysql\data\ibtmp1' size to 12 MB. Physically writing the file full; Please wait ...
2023-12-22 14:12:59 0 [Note] InnoDB: File 'C:\xampp\mysql\data\ibtmp1' size is now 12 MB.
2023-12-22 14:12:59 0 [Note] InnoDB: Waiting for purge to start
2023-12-22 14:12:59 0 [Note] InnoDB: 10.4.28 started; log sequence number 950472; transaction id 1330
2023-12-22 14:12:59 0 [Note] InnoDB: Loading buffer pool(s) from C:\xampp\mysql\data\ib_buffer_pool
2023-12-22 14:12:59 0 [Note] Plugin 'FEEDBACK' is disabled.
2023-12-22 14:12:59 0 [Note] Server socket created on IP: '::'.
2023-12-22 17:00:36 0 [Note] Starting MariaDB 10.4.28-MariaDB source revision c8f2e9a5c0ac5905f28b050b7df5a9ffd914b7e7 as process 10780
2023-12-22 17:00:36 0 [Note] InnoDB: Mutexes and rw_locks use Windows interlocked functions
2023-12-22 17:00:36 0 [Note] InnoDB: Uses event mutexes
2023-12-22 17:00:36 0 [Note] InnoDB: Compressed tables use zlib 1.2.12
2023-12-22 17:00:36 0 [Note] InnoDB: Number of pools: 1
2023-12-22 17:00:36 0 [Note] InnoDB: Using SSE2 crc32 instructions
2023-12-22 17:00:36 0 [Note] InnoDB: Initializing buffer pool, total size = 16M, instances = 1, chunk size = 16M
2023-12-22 17:00:36 0 [Note] InnoDB: Completed initialization of buffer pool
2023-12-22 17:00:36 0 [Note] InnoDB: Starting crash recovery from checkpoint LSN=950481
2023-12-22 17:00:36 0 [Note] InnoDB: 128 out of 128 rollback segments are active.
2023-12-22 17:00:36 0 [Note] InnoDB: Removed temporary tablespace data file: "ibtmp1"
2023-12-22 17:00:36 0 [Note] InnoDB: Creating shared tablespace for temporary tables
2023-12-22 17:00:36 0 [Note] InnoDB: Setting file 'C:\xampp\mysql\data\ibtmp1' size to 12 MB. Physically writing the file full; Please wait ...
2023-12-22 17:00:36 0 [Note] InnoDB: File 'C:\xampp\mysql\data\ibtmp1' size is now 12 MB.
2023-12-22 17:00:36 0 [Note] InnoDB: Waiting for purge to start
2023-12-22 17:00:36 0 [Note] InnoDB: 10.4.28 started; log sequence number 950490; transaction id 1330
2023-12-22 17:00:36 0 [Note] InnoDB: Loading buffer pool(s) from C:\xampp\mysql\data\ib_buffer_pool
2023-12-22 17:00:36 0 [Note] Plugin 'FEEDBACK' is disabled.
2023-12-22 17:00:36 0 [Note] Server socket created on IP: '::'.
2023-12-22 20:05:17 0 [Note] Starting MariaDB 10.4.28-MariaDB source revision c8f2e9a5c0ac5905f28b050b7df5a9ffd914b7e7 as process 5052
2023-12-22 20:05:17 0 [Note] InnoDB: Mutexes and rw_locks use Windows interlocked functions
2023-12-22 20:05:17 0 [Note] InnoDB: Uses event mutexes
2023-12-22 20:05:17 0 [Note] InnoDB: Compressed tables use zlib 1.2.12
2023-12-22 20:05:17 0 [Note] InnoDB: Number of pools: 1
2023-12-22 20:05:17 0 [Note] InnoDB: Using SSE2 crc32 instructions
2023-12-22 20:05:17 0 [Note] InnoDB: Initializing buffer pool, total size = 16M, instances = 1, chunk size = 16M
2023-12-22 20:05:17 0 [Note] InnoDB: Completed initialization of buffer pool
2023-12-22 20:05:17 0 [Note] InnoDB: Starting crash recovery from checkpoint LSN=950499
2023-12-22 20:05:18 0 [Note] InnoDB: 128 out of 128 rollback segments are active.
2023-12-22 20:05:18 0 [Note] InnoDB: Removed temporary tablespace data file: "ibtmp1"
2023-12-22 20:05:18 0 [Note] InnoDB: Creating shared tablespace for temporary tables
2023-12-22 20:05:18 0 [Note] InnoDB: Setting file 'C:\xampp\mysql\data\ibtmp1' size to 12 MB. Physically writing the file full; Please wait ...
2023-12-22 20:05:18 0 [Note] InnoDB: File 'C:\xampp\mysql\data\ibtmp1' size is now 12 MB.
2023-12-22 20:05:18 0 [Note] InnoDB: Waiting for purge to start
2023-12-22 20:05:18 0 [Note] InnoDB: 10.4.28 started; log sequence number 950508; transaction id 1330
2023-12-22 20:05:18 0 [Note] InnoDB: Loading buffer pool(s) from C:\xampp\mysql\data\ib_buffer_pool
2023-12-22 20:05:18 0 [Note] Plugin 'FEEDBACK' is disabled.
2023-12-22 20:05:18 0 [Note] Server socket created on IP: '::'.
2024-01-04 18:22:29 0 [Note] Starting MariaDB 10.4.28-MariaDB source revision c8f2e9a5c0ac5905f28b050b7df5a9ffd914b7e7 as process 22432
2024-01-04 18:22:29 0 [Note] InnoDB: Mutexes and rw_locks use Windows interlocked functions
2024-01-04 18:22:29 0 [Note] InnoDB: Uses event mutexes
2024-01-04 18:22:29 0 [Note] InnoDB: Compressed tables use zlib 1.2.12
2024-01-04 18:22:29 0 [Note] InnoDB: Number of pools: 1
2024-01-04 18:22:29 0 [Note] InnoDB: Using SSE2 crc32 instructions
2024-01-04 18:22:29 0 [Note] InnoDB: Initializing buffer pool, total size = 16M, instances = 1, chunk size = 16M
2024-01-04 18:22:29 0 [Note] InnoDB: Completed initialization of buffer pool
2024-01-04 18:22:29 0 [Note] InnoDB: Starting crash recovery from checkpoint LSN=950517
2024-01-04 18:22:29 0 [Note] InnoDB: 128 out of 128 rollback segments are active.
2024-01-04 18:22:29 0 [Note] InnoDB: Removed temporary tablespace data file: "ibtmp1"
2024-01-04 18:22:29 0 [Note] InnoDB: Creating shared tablespace for temporary tables
2024-01-04 18:22:29 0 [Note] InnoDB: Setting file 'C:\xampp\mysql\data\ibtmp1' size to 12 MB. Physically writing the file full; Please wait ...
2024-01-04 18:22:29 0 [Note] InnoDB: File 'C:\xampp\mysql\data\ibtmp1' size is now 12 MB.
2024-01-04 18:22:29 0 [Note] InnoDB: Waiting for purge to start
2024-01-04 18:22:29 0 [Note] InnoDB: 10.4.28 started; log sequence number 950526; transaction id 1330
2024-01-04 18:22:29 0 [Note] Plugin 'FEEDBACK' is disabled.
2024-01-04 18:22:29 0 [Note] InnoDB: Loading buffer pool(s) from C:\xampp\mysql\data\ib_buffer_pool
2024-01-04 18:22:30 0 [Note] InnoDB: Buffer pool(s) load completed at 240104 18:22:30
2024-01-04 18:22:30 0 [Note] Server socket created on IP: '::'.
2024-01-05  0:59:11 0 [Note] Starting MariaDB 10.4.28-MariaDB source revision c8f2e9a5c0ac5905f28b050b7df5a9ffd914b7e7 as process 16580
2024-01-05  0:59:11 0 [Note] InnoDB: Mutexes and rw_locks use Windows interlocked functions
2024-01-05  0:59:11 0 [Note] InnoDB: Uses event mutexes
2024-01-05  0:59:11 0 [Note] InnoDB: Compressed tables use zlib 1.2.12
2024-01-05  0:59:11 0 [Note] InnoDB: Number of pools: 1
2024-01-05  0:59:11 0 [Note] InnoDB: Using SSE2 crc32 instructions
2024-01-05  0:59:11 0 [Note] InnoDB: Initializing buffer pool, total size = 16M, instances = 1, chunk size = 16M
2024-01-05  0:59:11 0 [Note] InnoDB: Completed initialization of buffer pool
2024-01-05  0:59:11 0 [Note] InnoDB: Starting crash recovery from checkpoint LSN=1665489
2024-01-05  0:59:12 0 [Note] InnoDB: 128 out of 128 rollback segments are active.
2024-01-05  0:59:12 0 [Note] InnoDB: Removed temporary tablespace data file: "ibtmp1"
2024-01-05  0:59:12 0 [Note] InnoDB: Creating shared tablespace for temporary tables
2024-01-05  0:59:12 0 [Note] InnoDB: Setting file 'C:\xampp\mysql\data\ibtmp1' size to 12 MB. Physically writing the file full; Please wait ...
2024-01-05  0:59:12 0 [Note] InnoDB: File 'C:\xampp\mysql\data\ibtmp1' size is now 12 MB.
2024-01-05  0:59:12 0 [Note] InnoDB: Waiting for purge to start
2024-01-05  0:59:12 0 [Note] InnoDB: 10.4.28 started; log sequence number 1665498; transaction id 1621
2024-01-05  0:59:12 0 [Note] InnoDB: Loading buffer pool(s) from C:\xampp\mysql\data\ib_buffer_pool
2024-01-05  0:59:12 0 [Note] Plugin 'FEEDBACK' is disabled.
2024-01-05  0:59:12 0 [Note] Server socket created on IP: '::'.
2024-01-06 18:35:11 0 [Note] Starting MariaDB 10.4.28-MariaDB source revision c8f2e9a5c0ac5905f28b050b7df5a9ffd914b7e7 as process 28704
2024-01-06 18:35:11 0 [Note] InnoDB: Mutexes and rw_locks use Windows interlocked functions
2024-01-06 18:35:11 0 [Note] InnoDB: Uses event mutexes
2024-01-06 18:35:11 0 [Note] InnoDB: Compressed tables use zlib 1.2.12
2024-01-06 18:35:11 0 [Note] InnoDB: Number of pools: 1
2024-01-06 18:35:11 0 [Note] InnoDB: Using SSE2 crc32 instructions
2024-01-06 18:35:11 0 [Note] InnoDB: Initializing buffer pool, total size = 16M, instances = 1, chunk size = 16M
2024-01-06 18:35:11 0 [Note] InnoDB: Completed initialization of buffer pool
2024-01-06 18:35:11 0 [Note] InnoDB: Starting crash recovery from checkpoint LSN=1665507
2024-01-06 18:35:11 0 [Note] InnoDB: 128 out of 128 rollback segments are active.
2024-01-06 18:35:11 0 [Note] InnoDB: Removed temporary tablespace data file: "ibtmp1"
2024-01-06 18:35:11 0 [Note] InnoDB: Creating shared tablespace for temporary tables
2024-01-06 18:35:11 0 [Note] InnoDB: Setting file 'C:\xampp\mysql\data\ibtmp1' size to 12 MB. Physically writing the file full; Please wait ...
2024-01-06 18:35:11 0 [Note] InnoDB: File 'C:\xampp\mysql\data\ibtmp1' size is now 12 MB.
2024-01-06 18:35:11 0 [Note] InnoDB: Waiting for purge to start
2024-01-06 18:35:11 0 [Note] InnoDB: 10.4.28 started; log sequence number 1665516; transaction id 1621
2024-01-06 18:35:11 0 [Note] InnoDB: Loading buffer pool(s) from C:\xampp\mysql\data\ib_buffer_pool
2024-01-06 18:35:11 0 [Note] Plugin 'FEEDBACK' is disabled.
2024-01-06 18:35:11 0 [Note] Server socket created on IP: '::'.
2024-01-06 19:10:06 0 [Note] Starting MariaDB 10.4.28-MariaDB source revision c8f2e9a5c0ac5905f28b050b7df5a9ffd914b7e7 as process 8296
2024-01-06 19:10:06 0 [Note] InnoDB: Mutexes and rw_locks use Windows interlocked functions
2024-01-06 19:10:06 0 [Note] InnoDB: Uses event mutexes
2024-01-06 19:10:06 0 [Note] InnoDB: Compressed tables use zlib 1.2.12
2024-01-06 19:10:06 0 [Note] InnoDB: Number of pools: 1
2024-01-06 19:10:06 0 [Note] InnoDB: Using SSE2 crc32 instructions
2024-01-06 19:10:06 0 [Note] InnoDB: Initializing buffer pool, total size = 16M, instances = 1, chunk size = 16M
2024-01-06 19:10:06 0 [Note] InnoDB: Completed initialization of buffer pool
2024-01-06 19:10:06 0 [Note] InnoDB: 128 out of 128 rollback segments are active.
2024-01-06 19:10:06 0 [Note] InnoDB: Creating shared tablespace for temporary tables
2024-01-06 19:10:06 0 [Note] InnoDB: Setting file 'C:\xampp\mysql\data\ibtmp1' size to 12 MB. Physically writing the file full; Please wait ...
2024-01-06 19:10:06 0 [Note] InnoDB: File 'C:\xampp\mysql\data\ibtmp1' size is now 12 MB.
2024-01-06 19:10:06 0 [Note] InnoDB: Waiting for purge to start
2024-01-06 19:10:06 0 [Note] InnoDB: 10.4.28 started; log sequence number 1665525; transaction id 1621
2024-01-06 19:10:06 0 [Note] InnoDB: Loading buffer pool(s) from C:\xampp\mysql\data\ib_buffer_pool
2024-01-06 19:10:06 0 [Note] Plugin 'FEEDBACK' is disabled.
2024-01-06 19:10:06 0 [Note] Server socket created on IP: '::'.
2024-01-06 19:10:25 0 [Note] Starting MariaDB 10.4.28-MariaDB source revision c8f2e9a5c0ac5905f28b050b7df5a9ffd914b7e7 as process 8548
2024-01-06 19:10:25 0 [Note] InnoDB: Mutexes and rw_locks use Windows interlocked functions
2024-01-06 19:10:25 0 [Note] InnoDB: Uses event mutexes
2024-01-06 19:10:25 0 [Note] InnoDB: Compressed tables use zlib 1.2.12
2024-01-06 19:10:25 0 [Note] InnoDB: Number of pools: 1
2024-01-06 19:10:25 0 [Note] InnoDB: Using SSE2 crc32 instructions
2024-01-06 19:10:25 0 [Note] InnoDB: Initializing buffer pool, total size = 16M, instances = 1, chunk size = 16M
2024-01-06 19:10:25 0 [Note] InnoDB: Completed initialization of buffer pool
2024-01-06 19:10:25 0 [Note] InnoDB: 128 out of 128 rollback segments are active.
2024-01-06 19:10:25 0 [Note] InnoDB: Creating shared tablespace for temporary tables
2024-01-06 19:10:25 0 [Note] InnoDB: Setting file 'C:\xampp\mysql\data\ibtmp1' size to 12 MB. Physically writing the file full; Please wait ...
2024-01-06 19:10:25 0 [Note] InnoDB: File 'C:\xampp\mysql\data\ibtmp1' size is now 12 MB.
2024-01-06 19:10:25 0 [Note] InnoDB: Waiting for purge to start
2024-01-06 19:10:25 0 [Note] InnoDB: 10.4.28 started; log sequence number 1665550; transaction id 1621
2024-01-06 19:10:25 0 [Note] InnoDB: Loading buffer pool(s) from C:\xampp\mysql\data\ib_buffer_pool
2024-01-06 19:10:25 0 [Note] Plugin 'FEEDBACK' is disabled.
2024-01-06 19:10:25 0 [Note] Server socket created on IP: '::'.
2024-01-06 19:20:59 0 [Note] Starting MariaDB 10.4.28-MariaDB source revision c8f2e9a5c0ac5905f28b050b7df5a9ffd914b7e7 as process 26596
2024-01-06 19:20:59 0 [Note] InnoDB: Mutexes and rw_locks use Windows interlocked functions
2024-01-06 19:20:59 0 [Note] InnoDB: Uses event mutexes
2024-01-06 19:20:59 0 [Note] InnoDB: Compressed tables use zlib 1.2.12
2024-01-06 19:20:59 0 [Note] InnoDB: Number of pools: 1
2024-01-06 19:20:59 0 [Note] InnoDB: Using SSE2 crc32 instructions
2024-01-06 19:20:59 0 [Note] InnoDB: Initializing buffer pool, total size = 16M, instances = 1, chunk size = 16M
2024-01-06 19:20:59 0 [Note] InnoDB: Completed initialization of buffer pool
2024-01-06 19:20:59 0 [Note] InnoDB: 128 out of 128 rollback segments are active.
2024-01-06 19:20:59 0 [Note] InnoDB: Creating shared tablespace for temporary tables
2024-01-06 19:20:59 0 [Note] InnoDB: Setting file 'C:\xampp\mysql\data\ibtmp1' size to 12 MB. Physically writing the file full; Please wait ...
2024-01-06 19:20:59 0 [Note] InnoDB: File 'C:\xampp\mysql\data\ibtmp1' size is now 12 MB.
2024-01-06 19:20:59 0 [Note] InnoDB: Waiting for purge to start
2024-01-06 19:20:59 0 [Note] InnoDB: 10.4.28 started; log sequence number 1665559; transaction id 1621
2024-01-06 19:20:59 0 [Note] InnoDB: Loading buffer pool(s) from C:\xampp\mysql\data\ib_buffer_pool
2024-01-06 19:20:59 0 [Note] Plugin 'FEEDBACK' is disabled.
2024-01-06 19:20:59 0 [Note] Server socket created on IP: '::'.
2024-01-06 19:24:53 0 [Note] Starting MariaDB 10.4.28-MariaDB source revision c8f2e9a5c0ac5905f28b050b7df5a9ffd914b7e7 as process 19984
2024-01-06 19:24:53 0 [Note] InnoDB: Mutexes and rw_locks use Windows interlocked functions
2024-01-06 19:24:53 0 [Note] InnoDB: Uses event mutexes
2024-01-06 19:24:53 0 [Note] InnoDB: Compressed tables use zlib 1.2.12
2024-01-06 19:24:53 0 [Note] InnoDB: Number of pools: 1
2024-01-06 19:24:53 0 [Note] InnoDB: Using SSE2 crc32 instructions
2024-01-06 19:24:53 0 [Note] InnoDB: Initializing buffer pool, total size = 16M, instances = 1, chunk size = 16M
2024-01-06 19:24:53 0 [Note] InnoDB: Completed initialization of buffer pool
2024-01-06 19:24:53 0 [Note] InnoDB: 128 out of 128 rollback segments are active.
2024-01-06 19:24:53 0 [Note] InnoDB: Creating shared tablespace for temporary tables
2024-01-06 19:24:53 0 [Note] InnoDB: Setting file 'C:\xampp\mysql\data\ibtmp1' size to 12 MB. Physically writing the file full; Please wait ...
2024-01-06 19:24:53 0 [Note] InnoDB: File 'C:\xampp\mysql\data\ibtmp1' size is now 12 MB.
2024-01-06 19:24:53 0 [Note] InnoDB: Waiting for purge to start
2024-01-06 19:24:53 0 [Note] InnoDB: 10.4.28 started; log sequence number 1665568; transaction id 1621
2024-01-06 19:24:53 0 [Note] InnoDB: Loading buffer pool(s) from C:\xampp\mysql\data\ib_buffer_pool
2024-01-06 19:24:53 0 [Note] Plugin 'FEEDBACK' is disabled.
2024-01-06 19:24:53 0 [Note] Server socket created on IP: '::'.
